This is LuaTeX, Version beta-0.79.1 (TeX Live 2014/W32TeX) (rev 4971)  (format=lualatex 2014.9.18)  30 MAR 2015 02:17
 restricted \write18 enabled.
**main.tex
(./main.tex
LaTeX2e <2014/05/01>
Babel <3.9k> and hyphenation patterns for 79 languages loaded.
(c:/texlive/2014/texmf-dist/tex/luatex/luatexja/ltjsarticle.cls
Document Class: ltjsarticle 2014/05/14 
(c:/texlive/2014/texmf-dist/tex/luatex/luatexja/luatexja.sty
Package: luatexja 2013/05/14 Japanese Typesetting with LuaTeX

(c:/texlive/2014/texmf-dist/tex/luatex/luatexja/ltj-unicode-ccfix.tex
and category codes)
(c:/texlive/2014/texmf-dist/tex/luatex/luatexja/luatexja-core.sty
Package: luatexja-core 2014/02/01 Core of LuaTeX-ja

(c:/texlive/2014/texmf-dist/tex/luatex/luaotfload/luaotfload.sty
Package: luaotfload 2014/08/10 v2.5-4 OpenType layout system

(c:/texlive/2014/texmf-dist/tex/luatex/luatexbase/luatexbase.sty
Package: luatexbase 2013/05/11 v0.6 Resource management for the LuaTeX macro pro
grammer

(c:/texlive/2014/texmf-dist/tex/generic/oberdiek/ifluatex.sty
Package: ifluatex 2010/03/01 v1.3 Provides the ifluatex switch (HO)
Package ifluatex Info: LuaTeX detected.
)
(c:/texlive/2014/texmf-dist/tex/generic/oberdiek/luatex.sty
Package: luatex 2010/03/09 v0.4 LuaTeX basic definition package (HO)

(c:/texlive/2014/texmf-dist/tex/generic/oberdiek/infwarerr.sty
Package: infwarerr 2010/04/08 v1.3 Providing info/warning/error messages (HO)
)
(c:/texlive/2014/texmf-dist/tex/latex/etex-pkg/etex.sty
Package: etex 1998/03/26 v2.0 eTeX basic definition package (PEB)
\et@xins=\count79
)
\LuT@AllocAttribute=\count277
\LuT@AllocCatcodeTable=\count278
\CatcodeTableStack=\count279
\CatcodeTableIniTeX=\catcodetable1
\CatcodeTableString=\catcodetable3
\CatcodeTableOther=\catcodetable5
\CatcodeTableLaTeX=\catcodetable7

(c:/texlive/2014/texmf-dist/tex/generic/oberdiek/luatex-loader.sty
Package: luatex-loader 2010/03/09 v0.4 Lua module loader (HO)

(c:/texlive/2014/texmf-dist/scripts/oberdiek/oberdiek.luatex.lua)))
(c:/texlive/2014/texmf-dist/tex/luatex/luatexbase/luatexbase-compat.sty
Package: luatexbase-compat 2011/05/24 v0.4 Compatibility tools for LuaTeX
)
(c:/texlive/2014/texmf-dist/tex/luatex/luatexbase/luatexbase-modutils.sty
Package: luatexbase-modutils 2013/05/11 v0.6 Module utilities for LuaTeX

(c:/texlive/2014/texmf-dist/tex/luatex/luatexbase/luatexbase-loader.sty
Package: luatexbase-loader 2013/05/11 v0.6 Lua module loader for LuaTeX

(c:/texlive/2014/texmf-dist/tex/luatex/luatexbase/luatexbase.loader.lua))
(c:/texlive/2014/texmf-dist/tex/luatex/luatexbase/modutils.lua)
Lua module: luatexbase-modutils 2013/05/11 0.6 Module utilities for LuaTeX
)
(c:/texlive/2014/texmf-dist/tex/luatex/luatexbase/luatexbase-regs.sty
Package: luatexbase-regs 2011/05/24 v0.4 Registers allocation for LuaTeX
)
(c:/texlive/2014/texmf-dist/tex/luatex/luatexbase/luatexbase-attr.sty
Package: luatexbase-attr 2013/05/11 v0.6 Attributes allocation for LuaTeX

(c:/texlive/2014/texmf-dist/tex/luatex/luatexbase/attr.lua)
Lua module: luatexbase-attr 2013/05/11 0.6 Attributes allocation for LuaTeX
\lltxb@attr@unsetvalue=\count280
)
(c:/texlive/2014/texmf-dist/tex/luatex/luatexbase/luatexbase-cctb.sty
Package: luatexbase-cctb 2013/05/11 v0.6 Catcodetable allocation for LuaTeX

(c:/texlive/2014/texmf-dist/tex/luatex/luatexbase/cctb.lua)
Lua module: luatexbase-cctb 2013/05/11 0.6 Catcodetable allocation for LuaTeX
\lltxb@catcodetable@alloc=\count281
\CatcodeTableStack=\count282
\CatcodeTableIniTeX=\luatexcatcodetable1
\CatcodeTableString=\luatexcatcodetable3
\CatcodeTableOther=\luatexcatcodetable5
\CatcodeTableLaTeX=\luatexcatcodetable7
\CatcodeTableLaTeXAtLetter=\luatexcatcodetable9
\CatcodeTableExpl=\luatexcatcodetable11
)
(c:/texlive/2014/texmf-dist/tex/luatex/luatexbase/luatexbase-mcb.sty
Package: luatexbase-mcb 2013/05/11 v0.6 Callback management for LuaTeX

(c:/texlive/2014/texmf-dist/tex/luatex/luatexbase/mcb.lua)
Lua module: luatexbase-mcb 2013/05/11 0.6 register several functions in a callba
ck
))
(c:/texlive/2014/texmf-dist/tex/luatex/luaotfload/luaotfload-main.lua)
Lua module: luaotfload-main 2014/08/10 2.50003 OpenType layout system.

(c:/texlive/2014/texmf-dist/tex/luatex/luaotfload/luaotfload-log.lua)
(c:/texlive/2014/texmf-dist/tex/luatex/luaotfload/luaotfload-fontloader.lua)(usi
ng write cache: C:/texlive/2014/texmf-var/luatex-cache/generic)(using read cache
: C:/texlive/2014/texmf-var/luatex-cache/generic C:/Users/tak/.texlive2014/texmf
-var/luatex-cache/generic)
luatexbase-attr: luatexbase.attributes["luaotfload@kernpair"] = 1
luatexbase-attr: luatexbase.attributes["luaotfload@ligacomp"] = 2
luatexbase-attr: luatexbase.attributes["luaotfload@markbase"] = 3
luatexbase-attr: luatexbase.attributes["luaotfload@markmark"] = 4
luatexbase-attr: luatexbase.attributes["luaotfload@markdone"] = 5
luatexbase-attr: luatexbase.attributes["luaotfload@cursbase"] = 6
luatexbase-attr: luatexbase.attributes["luaotfload@curscurs"] = 7
luatexbase-attr: luatexbase.attributes["luaotfload@cursdone"] = 8
luatexbase-attr: luatexbase.attributes["luaotfload@state"] = 9
luaotfload | main : fontloader loaded in 0.040 seconds
luatexbase-mcb: inserting 'luaotfload.node_processor'
at position 1 in 'pre_linebreak_filter'
luatexbase-mcb: inserting 'luaotfload.node_processor'
at position 1 in 'hpack_filter'
luatexbase-mcb: inserting 'luaotfload.find_vf_file'
at position 1 in 'find_vf_file'
(c:/texlive/2014/texmf-dist/tex/luatex/luaotfload/luaotfload-override.lua)
(c:/texlive/2014/texmf-dist/tex/luatex/luaotfload/luaotfload-parsers.lua)
(c:/texlive/2014/texmf-dist/tex/luatex/luaotfload/luaotfload-configuration.lua)
(c:/texlive/2014/texmf-dist/tex/luatex/luaotfload/luaotfload-status.lua)
luaotfload | conf : Root cache directory is C:/texlive/2014/texmf-var/luatex-cac
he/generic/names.
(c:/texlive/2014/texmf-dist/tex/luatex/luaotfload/luaotfload-loaders.lua)
(c:/texlive/2014/texmf-dist/tex/luatex/luaotfload/luaotfload-database.lua)
(c:/texlive/2014/texmf-dist/tex/luatex/luaotfload/luaotfload-colors.lua)
luaotfload | conf : Root cache directory is C:/texlive/2014/texmf-var/luatex-cac
he/generic/names.
luatexbase-mcb: creating 'luaotfload.resolve_font' type 4
luatexbase-mcb: creating 'luaotfload.patch_font' type 4
luatexbase-mcb: resetting callback 'define_font'
luatexbase-mcb: inserting 'luaotfload.define_font'
at position 1 in 'define_font'
(c:/texlive/2014/texmf-dist/tex/luatex/luaotfload/luaotfload-features.lua)
(c:/texlive/2014/texmf-dist/tex/luatex/luaotfload/luaotfload-letterspace.lua)
(c:/texlive/2014/texmf-dist/tex/luatex/luaotfload/luaotfload-auxiliary.lua)
luatexbase-mcb: inserting 'luaotfload.aux.set_sscale_dimens'
at position 1 in 'luaotfload.patch_font'
luatexbase-mcb: inserting 'luaotfload.aux.patch_cambria_domh'
at position 2 in 'luaotfload.patch_font'
luatexbase-mcb: inserting 'luaotfload.aux.set_capheight'
at position 3 in 'luaotfload.patch_font'
luatexbase-mcb: inserting 'luaotfload.rewrite_fontname'
at position 4 in 'luaotfload.patch_font')
(c:/texlive/2014/texmf-dist/tex/generic/oberdiek/ltxcmds.sty
Package: ltxcmds 2011/11/09 v1.22 LaTeX kernel commands for general use (HO)
)
(c:/texlive/2014/texmf-dist/tex/generic/oberdiek/pdftexcmds.sty
Package: pdftexcmds 2011/11/29 v0.20 Utility functions of pdfTeX for LuaTeX (HO)


(c:/texlive/2014/texmf-dist/tex/generic/oberdiek/ifpdf.sty
Package: ifpdf 2011/01/30 v2.3 Provides the ifpdf switch (HO)
Package ifpdf Info: pdfTeX in PDF mode is detected.
)
Package pdftexcmds Info: \pdf@primitive is available.
Package pdftexcmds Info: \pdf@ifprimitive is available.
Package pdftexcmds Info: \pdfdraftmode found.

(c:/texlive/2014/texmf-dist/scripts/oberdiek/pdftexcmds.lua)
\pdftexcmds@toks=\toks14
)
(c:/texlive/2014/texmf-dist/tex/latex/xkeyval/xkeyval.sty
Package: xkeyval 2014/05/25 v2.7 package option processing (HA)

(c:/texlive/2014/texmf-dist/tex/generic/xkeyval/xkeyval.tex
(c:/texlive/2014/texmf-dist/tex/generic/xkeyval/xkvutils.tex
\XKV@toks=\toks15
\XKV@tempa@toks=\toks16

(c:/texlive/2014/texmf-dist/tex/generic/xkeyval/keyval.tex))
\XKV@depth=\count283
File: xkeyval.tex 2014/05/25 v2.7 key=value parser (HA)
))
Package luatexja-core Info: using DIRECT node access model.
\ltj@zw=\dimen256
\ltj@zh=\dimen257
\jQ=\dimen258
\ltj@icflag=\luatexattribute10
\ltj@curjfnt=\luatexattribute11
\ltj@origchar=\luatexattribute12
\ltj@charclass=\luatexattribute13
\ltj@autospc=\luatexattribute14
\ltj@autoxspc=\luatexattribute15
\ltj@yablshift=\luatexattribute16
\ltj@ykblshift=\luatexattribute17
\jfam=\luatexattribute18
\ltj@tempcnta=\count284
\ltj@kcat0=\luatexattribute19
\ltj@kcat1=\luatexattribute20
\ltj@kcat2=\luatexattribute21
\ltj@kcat3=\luatexattribute22
\ltj@kcat4=\luatexattribute23
\ltj@kcat5=\luatexattribute24
\ltj@kcat6=\luatexattribute25

(c:/texlive/2014/texmf-dist/tex/luatex/lualibs/lualibs.lua)
Lua module: lualibs 2014-07-26 2.2 ConTeXt Lua standard libraries.
Lua module: lualibs-extended 2014-07-26 2.2 ConTeXt Lua libraries -- extended co
llection.
luatexbase-attr: new user-defined whatsit 1 (luatexja:inhibitglue)
luatexbase-attr: new user-defined whatsit 2 (luatexja:stack_marker)
luatexbase-attr: new user-defined whatsit 3 (luatexja:begin_par)
(c:/texlive/2014/texmf-dist/tex/luatex/luatexja/ltj-base.lua)
(c:/texlive/2014/texmf-dist/tex/luatex/lualibs/lualibs-lpeg.lua)
(c:/texlive/2014/texmf-dist/tex/luatex/lualibs/lualibs-os.lua)
(c:/texlive/2014/texmf-dist/tex/luatex/luatexja/ltj-rmlgbm.lua)(load cache: C:/U
sers/tak/.texlive2014/texmf-var/luatexja/ltj-cid-auto-adobe-japan1.luc)
(c:/texlive/2014/texmf-dist/tex/luatex/luatexja/ltj-charrange.lua)
Lua module: luatexja.charrange 2014/01/19  Handling the range of Japanese charac
ters

(c:/texlive/2014/texmf-dist/tex/luatex/luatexja/ltj-jfont.lua)
Lua module: luatexja.jfont 2014/02/01  Loader for Japanese fonts
luatexbase-mcb: creating 'luatexja.load_jfm' type 2
luatexbase-mcb: creating 'luatexja.find_char_class' type 2
luatexbase-mcb: creating 'luatexja.define_jfont' type 2
(c:/texlive/2014/texmf-dist/tex/luatex/luatexja/ltj-inputbuf.lua)
luatexbase-mcb: inserting 'ltj.process_input_buffer'
at position 1 in 'process_input_buffer'
(c:/texlive/2014/texmf-dist/tex/luatex/luatexja/ltj-stack.lua)
Lua module: luatexja.stack 2014/01/24  LuaTeX-ja stack system

(c:/texlive/2014/texmf-dist/tex/luatex/luatexja/ltj-pretreat.lua)
luatexbase-mcb: inserting 'ltj.hyphenate'
at position 1 in 'hyphenate'
luatexbase-mcb: inserting 'ltj.hpack_filter_pre'
at position 1 in 'hpack_filter'
luatexbase-mcb: inserting 'ltj.pre_linebreak_filter_pre'
at position 1 in 'pre_linebreak_filter'
(c:/texlive/2014/texmf-dist/tex/luatex/luatexja/ltj-jfmglue.lua)
Lua module: luatexja.jfmglue 2014/02/02  Insertion process of JFM glues and kanj
iskip
luatexbase-mcb: creating 'luatexja.jfmglue.whatsit_getinfo' type 2
luatexbase-mcb: creating 'luatexja.jfmglue.whatsit_after' type 2
luatexbase-mcb: inserting 'luatexja.beginpar.np_info'
at position 1 in 'luatexja.jfmglue.whatsit_getinfo'
luatexbase-mcb: inserting 'luatexja.beginpar.np_info_after'
at position 1 in 'luatexja.jfmglue.whatsit_after'
(c:/texlive/2014/texmf-dist/tex/luatex/luatexja/ltj-setwidth.lua)
luatexbase-mcb: creating 'luatexja.set_width' type 2
(c:/texlive/2014/texmf-dist/tex/luatex/luatexja/ltj-math.lua)
luatexbase-mcb: inserting 'ltj.mlist_to_hlist'
at position 1 in 'mlist_to_hlist'
(c:/texlive/2014/texmf-dist/tex/luatex/luatexja/ltj-tangle.lua)
Lua module: luatexja.tangle 2011/05/14  
luatexbase-mcb: inserting 'ltj.pre_linebreak_filter'
at position 3 in 'pre_linebreak_filter'
luatexbase-mcb: inserting 'ltj.hpack_filter'
at position 3 in 'hpack_filter'
luatexbase-mcb: inserting 'adjust_icflag'
at position 1 in 'pre_linebreak_filter'
luatexbase-mcb: inserting 'adjust_icflag'
at position 1 in 'hpack_filter'
Module luatexbase-mcb warning: several functions in 'define_font',
(luatexbase-mcb)               only one will be active.
luatexbase-mcb: inserting 'luatexja.font_callback'
at position 1 in 'define_font' (c:/texlive/2014/texmf-dist/tex/luatex/luatexja/
ltj-base.sty
Package: ltj-base 2013/05/14
\ltj@tempcntb=\count285
\ltj@tempcntc=\count286
\ltj@tempdima=\dimen259
\ltj@tempskipa=\skip256
\ltj@temptoks=\toks17
)
\ltj@@stack=\count287
\ltj@@group@level=\count288

(c:/texlive/2014/texmf-dist/tex/luatex/luatexja/ltj-latex.sty
Package: ltj-latex 2013/05/14 LaTeX support of LuaTeX-ja

(c:/texlive/2014/texmf-dist/tex/luatex/luatexja/patches/lltjfont.sty
Package: lltjfont 2014/01/23 Patch to NFSS2 for LuaTeX-ja
\Cht=\dimen260
\cht=\dimen261
\Cdp=\dimen262
\cdp=\dimen263
\Cwd=\dimen264
\cwd=\dimen265
\Cvs=\dimen266
\cvs=\dimen267
\Chs=\dimen268
\chs=\dimen269
\cHT=\dimen270
\tstrutbox=\box256
\zstrutbox=\box257

(c:/texlive/2014/texmf-dist/tex/latex/ms/everysel.sty
Package: everysel 2011/10/28 v1.2 EverySelectfont Package (MS)
)
ABD: EverySelectfont initializing macros
LaTeX Info: Redefining \selectfont on input line 265.
\adjust@box=\box258
\adjust@dimen=\dimen271
LaTeX Info: Redefining \fontencoding on input line 387.
LaTeX Info: Redefining \fontfamily on input line 431.
LaTeX Info: Redefining \fontseries on input line 487.
LaTeX Info: Redefining \fontshape on input line 490.
LaTeX Info: Redefining \normalfont on input line 502.
)
(c:/texlive/2014/texmf-dist/tex/luatex/luatexja/patches/lltjdefs.sty
Package: lltjdefs 2013/06/12 Default font settings of LuaTeX-ja
LaTeX Font Info:    Font shape `JY3/mc/m/n' will be
(Font)              scaled to size 9.6222pt on input line 34.

(c:/texlive/2014/texmf-dist/tex/luatex/luatexja/jfm-ujis.lua)
\symmincho=\mathgroup4
LaTeX Font Info:    Overwriting symbol font `mincho' in version `bold'
(Font)                  JY3/mc/m/n --> JY3/gt/m/n on input line 43.
)
(c:/texlive/2014/texmf-dist/tex/luatex/luatexja/patches/lltjcore.sty
Package: lltjcore 2013/05/14 Patch to LaTeX2e Kernel for LuaTeX-ja
\@tombowwidth=\dimen272
\@TL=\box259
\@Tl=\box260
\@TC=\box261
\@TR=\box262
\@Tr=\box263
\@BL=\box264
\@Bl=\box265
\@BC=\box266
\@BR=\box267
\@Br=\box268
\@CL=\box269
\@CR=\box270
\@bannertoken=\toks18
\@@paperheight=\dimen273
\@@paperwidth=\dimen274
\@@topmargin=\dimen275
\hour=\count289
\minute=\count290
))
\ltj@temp@cctb=\luatexcatcodetable13
)
(c:/texlive/2014/texmf-dist/tex/luatex/luatexja/luatexja-compat.sty
Package: luatexja-compat 2013/12/22 Compatibility with pTeX

(c:/texlive/2014/texmf-dist/tex/luatex/luatexja/ltj-compat.lua)(load cache: C:/U
sers/tak/.texlive2014/texmf-var/luatexja/ltj-jisx0208.luc)
\hour=\count291
\minute=\count292
))
LaTeX Info: Redefining \rmfamily on input line 336.
LaTeX Info: Redefining \sffamily on input line 339.
LaTeX Info: Redefining \ttfamily on input line 342.
LaTeX Font Info:    Font shape `JY3/mc/m/n' will be
(Font)              scaled to size 9.24866pt on input line 401.
\fullwidth=\dimen276
LaTeX Font Info:    Font shape `JY3/mc/m/n' will be
(Font)              scaled to size 7.39893pt on input line 540.
\c@part=\count293
\c@section=\count294
\c@subsection=\count295
\c@subsubsection=\count296
\c@paragraph=\count297
\c@subparagraph=\count298
\@abstractbox=\box271
\c@figure=\count299
\c@table=\count300
\abovecaptionskip=\skip257
\belowcaptionskip=\skip258
LaTeX Info: Redefining \mc on input line 1140.
LaTeX Info: Redefining \gt on input line 1141.
\js@tocl@width=\dimen277
\@lnumwidth=\dimen278
\bibindent=\dimen279
LaTeX Info: Redefining \TeX on input line 1474.
LaTeX Info: Redefining \LaTeX on input line 1500.
LaTeX Info: Redefining \LaTeXe on input line 1525.
\heisei=\count301
)
(c:/texlive/2014/texmf-dist/tex/latex/xcolor/xcolor.sty
Package: xcolor 2007/01/21 v2.11 LaTeX color extensions (UK)

(c:/texlive/2014/texmf-dist/tex/latex/latexconfig/color.cfg
File: color.cfg 2007/01/18 v1.5 color configuration of teTeX/TeXLive
)
Package xcolor Info: Driver file: pdftex.def on input line 225.

(c:/texlive/2014/texmf-dist/tex/latex/pdftex-def/pdftex.def
File: pdftex.def 2011/05/27 v0.06d Graphics/color for pdfTeX
\Gread@gobject=\count302
)
Package xcolor Info: Model `cmy' substituted by `cmy0' on input line 1337.
Package xcolor Info: Model `hsb' substituted by `rgb' on input line 1341.
Package xcolor Info: Model `RGB' extended on input line 1353.
Package xcolor Info: Model `HTML' substituted by `rgb' on input line 1355.
Package xcolor Info: Model `Hsb' substituted by `hsb' on input line 1356.
Package xcolor Info: Model `tHsb' substituted by `hsb' on input line 1357.
Package xcolor Info: Model `HSB' substituted by `hsb' on input line 1358.
Package xcolor Info: Model `Gray' substituted by `gray' on input line 1359.
Package xcolor Info: Model `wave' substituted by `hsb' on input line 1360.
)
\symbbold=\mathgroup5

(c:/texlive/2014/texmf-dist/tex/latex/amsmath/amsmath.sty
Package: amsmath 2013/01/14 v2.14 AMS math features
\@mathmargin=\skip259

For additional information on amsmath, use the `?' option.
(c:/texlive/2014/texmf-dist/tex/latex/amsmath/amstext.sty
Package: amstext 2000/06/29 v2.01

(c:/texlive/2014/texmf-dist/tex/latex/amsmath/amsgen.sty
File: amsgen.sty 1999/11/30 v2.0
\@emptytoks=\toks19
\ex@=\dimen280
))
(c:/texlive/2014/texmf-dist/tex/latex/amsmath/amsbsy.sty
Package: amsbsy 1999/11/29 v1.2d
\pmbraise@=\dimen281
)
(c:/texlive/2014/texmf-dist/tex/latex/amsmath/amsopn.sty
Package: amsopn 1999/12/14 v2.01 operator names
)
\inf@bad=\count303
LaTeX Info: Redefining \frac on input line 210.
\uproot@=\count304
\leftroot@=\count305
LaTeX Info: Redefining \overline on input line 306.
\classnum@=\count306
\DOTSCASE@=\count307
LaTeX Info: Redefining \ldots on input line 378.
LaTeX Info: Redefining \dots on input line 381.
LaTeX Info: Redefining \cdots on input line 466.
\Mathstrutbox@=\box272
\strutbox@=\box273
\big@size=\dimen282
LaTeX Font Info:    Redeclaring font encoding OML on input line 566.
LaTeX Font Info:    Redeclaring font encoding OMS on input line 567.
\macc@depth=\count308
\c@MaxMatrixCols=\count309
\dotsspace@=\muskip10
\c@parentequation=\count310
\dspbrk@lvl=\count311
\tag@help=\toks20
\row@=\count312
\column@=\count313
\maxfields@=\count314
\andhelp@=\toks21
\eqnshift@=\dimen283
\alignsep@=\dimen284
\tagshift@=\dimen285
\tagwidth@=\dimen286
\totwidth@=\dimen287
\lineht@=\dimen288
\@envbody=\toks22
\multlinegap=\skip260
\multlinetaggap=\skip261
\mathdisplay@stack=\toks23
LaTeX Info: Redefining \[ on input line 2665.
LaTeX Info: Redefining \] on input line 2666.
)
(c:/texlive/2014/texmf-dist/tex/latex/amsfonts/amsfonts.sty
Package: amsfonts 2013/01/14 v3.01 Basic AMSFonts support
\symAMSa=\mathgroup6
\symAMSb=\mathgroup7
LaTeX Font Info:    Overwriting math alphabet `\mathfrak' in version `bold'
(Font)                  U/euf/m/n --> U/euf/b/n on input line 106.
)
(c:/texlive/2014/texmf-dist/tex/latex/amsfonts/amssymb.sty
Package: amssymb 2013/01/14 v3.01 AMS font symbols
)
(c:/texlive/2014/texmf-dist/tex/latex/enumitem/enumitem.sty
Package: enumitem 2011/09/28 v3.5.2 Customized lists
\enitkv@toks@=\toks24
\labelindent=\skip262
\enit@outerparindent=\dimen289
\enit@toks=\toks25
\enit@inbox=\box274
\enitdp@description=\count315
) (./ashiato45.sty)
(c:/texlive/2014/texmf-dist/tex/latex/graphics/graphicx.sty
Package: graphicx 2014/04/25 v1.0g Enhanced LaTeX Graphics (DPC,SPQR)

(c:/texlive/2014/texmf-dist/tex/latex/graphics/graphics.sty
Package: graphics 2009/02/05 v1.0o Standard LaTeX Graphics (DPC,SPQR)

(c:/texlive/2014/texmf-dist/tex/latex/graphics/trig.sty
Package: trig 1999/03/16 v1.09 sin cos tan (DPC)
)
(c:/texlive/2014/texmf-dist/tex/latex/latexconfig/graphics.cfg
File: graphics.cfg 2010/04/23 v1.9 graphics configuration of TeX Live
)
Package graphics Info: Driver file: pdftex.def on input line 91.
)
\Gin@req@height=\dimen290
\Gin@req@width=\dimen291
)
(c:/texlive/2014/texmf-dist/tex/generic/ulem/ulem.sty
\UL@box=\box275
\UL@hyphenbox=\box276
\UL@skip=\skip263
\UL@hook=\toks26
\UL@height=\dimen292
\UL@pe=\count316
\UL@pixel=\dimen293
\ULC@box=\box277
Package: ulem 2012/05/18
\ULdepth=\dimen294
)
(c:/texlive/2014/texmf-dist/tex/latex/framed/framed.sty
Package: framed 2011/10/22 v 0.96: framed or shaded text with page breaks
\OuterFrameSep=\skip264
\fb@frw=\dimen295
\fb@frh=\dimen296
\FrameRule=\dimen297
\FrameSep=\dimen298
)
(c:/texlive/2014/texmf-dist/tex/latex/algorithms/algorithm.sty
Package: algorithm 2009/08/24 v0.1 Document Style `algorithm' - floating environ
ment

(c:/texlive/2014/texmf-dist/tex/latex/float/float.sty
Package: float 2001/11/08 v1.3d Float enhancements (AL)
\c@float@type=\count317
\float@exts=\toks27
\float@box=\box278
\@float@everytoks=\toks28
\@floatcapt=\box279
)
(c:/texlive/2014/texmf-dist/tex/latex/base/ifthen.sty
Package: ifthen 2001/05/26 v1.1c Standard LaTeX ifthen package (DPC)
)
\@float@every@algorithm=\toks29
\c@algorithm=\count318
)
(c:/texlive/2014/texmf-dist/tex/latex/algorithms/algorithmic.sty
Package: algorithmic 2009/08/24 v0.1 Document Style `algorithmic'
\c@ALC@unique=\count319
\c@ALC@line=\count320
\c@ALC@rem=\count321
\c@ALC@depth=\count322
\ALC@tlm=\skip265
\algorithmicindent=\skip266
)
(c:/texlive/2014/texmf-dist/tex/latex/here/here.sty) (./mytheorems.sty
(c:/texlive/2014/texmf-dist/tex/latex/lkproof/proof.sty
\inferLineSkip=\dimen299
\inferLabelSkip=\dimen300
\@LeftOffset=\dimen301
\@RightOffset=\dimen302
\@SavedLeftOffset=\dimen303
\UpperWidth=\dimen304
\LowerWidth=\dimen305
\LowerHeight=\dimen306
\UpperLeftOffset=\dimen307
\UpperRightOffset=\dimen308
\UpperCenter=\dimen309
\LowerCenter=\dimen310
\UpperAdjust=\dimen311
\RuleAdjust=\dimen312
\LowerAdjust=\dimen313
\RuleWidth=\dimen314
\HLabelAdjust=\dimen315
\VLabelAdjust=\dimen316
\WidthAdjust=\dimen317
\@UpperPart=\box280
\@LowerPart=\box281
\@LabelPart=\box282
\ResultBox=\box283
)
(c:/texlive/2014/texmf-dist/tex/latex/ntheorem/ntheorem.sty
Style `ntheorem', Version 1.33 <2011/08/15>
Package: ntheorem 2011/08/15 1.33
\theorem@style=\toks30
\theorem@@style=\toks31
\theorembodyfont=\toks32
\theoremnumbering=\toks33
\theorempreskipamount=\skip267
\theorempostskipamount=\skip268
\theoremframepreskipamount=\skip269
\theoremframepostskipamount=\skip270
\theoreminframepreskipamount=\skip271
\theoreminframepostskipamount=\skip272
\theorem@preskip=\toks34
\theorem@postskip=\toks35
\theorem@framepreskip=\toks36
\theorem@framepostskip=\toks37
\theorem@inframepreskip=\toks38
\theorem@inframepostskip=\toks39
\theoremindent=\dimen318
\theorem@indent=\dimen319
\theoremrightindent=\dimen320
\theorem@rightindent=\dimen321
\theoremheaderfont=\toks40
\theoremseparator=\toks41
\theoremprework=\toks42
\theorempostwork=\toks43
\theoremsymbol=\toks44
\qedsymbol=\toks45
\theoremkeyword=\toks46
\qedsymbol=\toks47
\thm@topsep=\skip273
\thm@topsepadd=\skip274
\shadecolor=\toks48
)
\c@Theorem=\count323
\c@Proposition=\count324
\c@Corollary=\count325
\c@Lemma=\count326
\c@Definition=\count327
\c@PropDefinition=\count328
\c@Prop=\count329
\c@Example=\count330
\c@Scribble=\count331
\c@Tips=\count332
\c@Exercise=\count333
\c@Memo=\count334
\c@Rem=\count335
\c@Notation=\count336
\c@Review=\count337
\c@myproof=\count338
)
\c@myattention=\count339
 (c:/texlive/2014/texmf-dist/tex/latex/pgf/frontendlayer/tikz.sty
(c:/texlive/2014/texmf-dist/tex/latex/pgf/basiclayer/pgf.sty
(c:/texlive/2014/texmf-dist/tex/latex/pgf/utilities/pgfrcs.sty
(c:/texlive/2014/texmf-dist/tex/generic/pgf/utilities/pgfutil-common.tex
\pgfutil@everybye=\toks49
\pgfutil@tempdima=\dimen322
\pgfutil@tempdimb=\dimen323

(c:/texlive/2014/texmf-dist/tex/generic/pgf/utilities/pgfutil-common-lists.tex))
(c:/texlive/2014/texmf-dist/tex/generic/pgf/utilities/pgfutil-latex.def
\pgfutil@abb=\box284

(c:/texlive/2014/texmf-dist/tex/latex/ms/everyshi.sty
Package: everyshi 2001/05/15 v3.00 EveryShipout Package (MS)
))
(c:/texlive/2014/texmf-dist/tex/generic/pgf/utilities/pgfrcs.code.tex
Package: pgfrcs 2013/12/20 v3.0.0 (rcs-revision 1.28)
))
Package: pgf 2013/12/18 v3.0.0 (rcs-revision 1.14)

(c:/texlive/2014/texmf-dist/tex/latex/pgf/basiclayer/pgfcore.sty
(c:/texlive/2014/texmf-dist/tex/latex/pgf/systemlayer/pgfsys.sty
(c:/texlive/2014/texmf-dist/tex/generic/pgf/systemlayer/pgfsys.code.tex
Package: pgfsys 2013/11/30 v3.0.0 (rcs-revision 1.47)

(c:/texlive/2014/texmf-dist/tex/generic/pgf/utilities/pgfkeys.code.tex
\pgfkeys@pathtoks=\toks50
\pgfkeys@temptoks=\toks51

(c:/texlive/2014/texmf-dist/tex/generic/pgf/utilities/pgfkeysfiltered.code.tex
\pgfkeys@tmptoks=\toks52
))
\pgf@x=\dimen324
\pgf@y=\dimen325
\pgf@xa=\dimen326
\pgf@ya=\dimen327
\pgf@xb=\dimen328
\pgf@yb=\dimen329
\pgf@xc=\dimen330
\pgf@yc=\dimen331
\w@pgf@writea=\write3
\r@pgf@reada=\read1
\c@pgf@counta=\count340
\c@pgf@countb=\count341
\c@pgf@countc=\count342
\c@pgf@countd=\count343
\t@pgf@toka=\toks53
\t@pgf@tokb=\toks54
\t@pgf@tokc=\toks55
(c:/texlive/2014/texmf-dist/tex/generic/pgf/systemlayer/pgf.cfg
File: pgf.cfg 2008/05/14  (rcs-revision 1.7)
)
Driver file for pgf: pgfsys-pdftex.def

(c:/texlive/2014/texmf-dist/tex/generic/pgf/systemlayer/pgfsys-pdftex.def
File: pgfsys-pdftex.def 2013/07/18  (rcs-revision 1.33)

(c:/texlive/2014/texmf-dist/tex/generic/pgf/systemlayer/pgfsys-common-pdf.def
File: pgfsys-common-pdf.def 2013/10/10  (rcs-revision 1.13)
)))
(c:/texlive/2014/texmf-dist/tex/generic/pgf/systemlayer/pgfsyssoftpath.code.tex
File: pgfsyssoftpath.code.tex 2013/09/09  (rcs-revision 1.9)
\pgfsyssoftpath@smallbuffer@items=\count344
\pgfsyssoftpath@bigbuffer@items=\count345
)
(c:/texlive/2014/texmf-dist/tex/generic/pgf/systemlayer/pgfsysprotocol.code.tex
File: pgfsysprotocol.code.tex 2006/10/16  (rcs-revision 1.4)
)) (c:/texlive/2014/texmf-dist/tex/generic/pgf/basiclayer/pgfcore.code.tex
Package: pgfcore 2010/04/11 v3.0.0 (rcs-revision 1.7)

(c:/texlive/2014/texmf-dist/tex/generic/pgf/math/pgfmath.code.tex
(c:/texlive/2014/texmf-dist/tex/generic/pgf/math/pgfmathcalc.code.tex
(c:/texlive/2014/texmf-dist/tex/generic/pgf/math/pgfmathutil.code.tex)
(c:/texlive/2014/texmf-dist/tex/generic/pgf/math/pgfmathparser.code.tex
\pgfmath@dimen=\dimen332
\pgfmath@count=\count346
\pgfmath@box=\box285
\pgfmath@toks=\toks56
\pgfmath@stack@operand=\toks57
\pgfmath@stack@operation=\toks58
)
(c:/texlive/2014/texmf-dist/tex/generic/pgf/math/pgfmathfunctions.code.tex
(c:/texlive/2014/texmf-dist/tex/generic/pgf/math/pgfmathfunctions.basic.code.te
x)
(c:/texlive/2014/texmf-dist/tex/generic/pgf/math/pgfmathfunctions.trigonometric
.code.tex)
(c:/texlive/2014/texmf-dist/tex/generic/pgf/math/pgfmathfunctions.random.code.t
ex)
(c:/texlive/2014/texmf-dist/tex/generic/pgf/math/pgfmathfunctions.comparison.co
de.tex)
(c:/texlive/2014/texmf-dist/tex/generic/pgf/math/pgfmathfunctions.base.code.tex
)
(c:/texlive/2014/texmf-dist/tex/generic/pgf/math/pgfmathfunctions.round.code.te
x)
(c:/texlive/2014/texmf-dist/tex/generic/pgf/math/pgfmathfunctions.misc.code.tex
)
(c:/texlive/2014/texmf-dist/tex/generic/pgf/math/pgfmathfunctions.integerarithm
etics.code.tex)))
(c:/texlive/2014/texmf-dist/tex/generic/pgf/math/pgfmathfloat.code.tex
\c@pgfmathroundto@lastzeros=\count347
))
(c:/texlive/2014/texmf-dist/tex/generic/pgf/basiclayer/pgfcorepoints.code.tex
File: pgfcorepoints.code.tex 2013/10/07  (rcs-revision 1.27)
\pgf@picminx=\dimen333
\pgf@picmaxx=\dimen334
\pgf@picminy=\dimen335
\pgf@picmaxy=\dimen336
\pgf@pathminx=\dimen337
\pgf@pathmaxx=\dimen338
\pgf@pathminy=\dimen339
\pgf@pathmaxy=\dimen340
\pgf@xx=\dimen341
\pgf@xy=\dimen342
\pgf@yx=\dimen343
\pgf@yy=\dimen344
\pgf@zx=\dimen345
\pgf@zy=\dimen346
)
(c:/texlive/2014/texmf-dist/tex/generic/pgf/basiclayer/pgfcorepathconstruct.cod
e.tex
File: pgfcorepathconstruct.code.tex 2013/10/07  (rcs-revision 1.29)
\pgf@path@lastx=\dimen347
\pgf@path@lasty=\dimen348
)
(c:/texlive/2014/texmf-dist/tex/generic/pgf/basiclayer/pgfcorepathusage.code.te
x
File: pgfcorepathusage.code.tex 2013/12/13  (rcs-revision 1.23)
\pgf@shorten@end@additional=\dimen349
\pgf@shorten@start@additional=\dimen350
)
(c:/texlive/2014/texmf-dist/tex/generic/pgf/basiclayer/pgfcorescopes.code.tex
File: pgfcorescopes.code.tex 2013/10/09  (rcs-revision 1.44)
\pgfpic=\box286
\pgf@hbox=\box287
\pgf@layerbox@main=\box288
\pgf@picture@serial@count=\count348
)
(c:/texlive/2014/texmf-dist/tex/generic/pgf/basiclayer/pgfcoregraphicstate.code
.tex
File: pgfcoregraphicstate.code.tex 2013/09/19  (rcs-revision 1.11)
\pgflinewidth=\dimen351
)
(c:/texlive/2014/texmf-dist/tex/generic/pgf/basiclayer/pgfcoretransformations.c
ode.tex
File: pgfcoretransformations.code.tex 2013/10/10  (rcs-revision 1.17)
\pgf@pt@x=\dimen352
\pgf@pt@y=\dimen353
\pgf@pt@temp=\dimen354
)
(c:/texlive/2014/texmf-dist/tex/generic/pgf/basiclayer/pgfcorequick.code.tex
File: pgfcorequick.code.tex 2008/10/09  (rcs-revision 1.3)
)
(c:/texlive/2014/texmf-dist/tex/generic/pgf/basiclayer/pgfcoreobjects.code.tex
File: pgfcoreobjects.code.tex 2006/10/11  (rcs-revision 1.2)
)
(c:/texlive/2014/texmf-dist/tex/generic/pgf/basiclayer/pgfcorepathprocessing.co
de.tex
File: pgfcorepathprocessing.code.tex 2013/09/09  (rcs-revision 1.9)
)
(c:/texlive/2014/texmf-dist/tex/generic/pgf/basiclayer/pgfcorearrows.code.tex
File: pgfcorearrows.code.tex 2013/11/07  (rcs-revision 1.40)
\pgfarrowsep=\dimen355
)
(c:/texlive/2014/texmf-dist/tex/generic/pgf/basiclayer/pgfcoreshade.code.tex
File: pgfcoreshade.code.tex 2013/07/15  (rcs-revision 1.15)
\pgf@max=\dimen356
\pgf@sys@shading@range@num=\count349
)
(c:/texlive/2014/texmf-dist/tex/generic/pgf/basiclayer/pgfcoreimage.code.tex
File: pgfcoreimage.code.tex 2013/07/15  (rcs-revision 1.18)

(c:/texlive/2014/texmf-dist/tex/generic/pgf/basiclayer/pgfcoreexternal.code.tex
File: pgfcoreexternal.code.tex 2013/07/15  (rcs-revision 1.20)
\pgfexternal@startupbox=\box289
))
(c:/texlive/2014/texmf-dist/tex/generic/pgf/basiclayer/pgfcorelayers.code.tex
File: pgfcorelayers.code.tex 2013/07/18  (rcs-revision 1.7)
)
(c:/texlive/2014/texmf-dist/tex/generic/pgf/basiclayer/pgfcoretransparency.code
.tex
File: pgfcoretransparency.code.tex 2013/09/30  (rcs-revision 1.5)
)
(c:/texlive/2014/texmf-dist/tex/generic/pgf/basiclayer/pgfcorepatterns.code.tex
File: pgfcorepatterns.code.tex 2013/11/07  (rcs-revision 1.5)
)))
(c:/texlive/2014/texmf-dist/tex/generic/pgf/modules/pgfmoduleshapes.code.tex
File: pgfmoduleshapes.code.tex 2013/10/31  (rcs-revision 1.34)
\pgfnodeparttextbox=\box290
)
(c:/texlive/2014/texmf-dist/tex/generic/pgf/modules/pgfmoduleplot.code.tex
File: pgfmoduleplot.code.tex 2013/07/31  (rcs-revision 1.12)
)
(c:/texlive/2014/texmf-dist/tex/latex/pgf/compatibility/pgfcomp-version-0-65.st
y
Package: pgfcomp-version-0-65 2007/07/03 v3.0.0 (rcs-revision 1.7)
\pgf@nodesepstart=\dimen357
\pgf@nodesepend=\dimen358
)
(c:/texlive/2014/texmf-dist/tex/latex/pgf/compatibility/pgfcomp-version-1-18.st
y
Package: pgfcomp-version-1-18 2007/07/23 v3.0.0 (rcs-revision 1.1)
)) (c:/texlive/2014/texmf-dist/tex/latex/pgf/utilities/pgffor.sty
(c:/texlive/2014/texmf-dist/tex/latex/pgf/utilities/pgfkeys.sty
(c:/texlive/2014/texmf-dist/tex/generic/pgf/utilities/pgfkeys.code.tex))
(c:/texlive/2014/texmf-dist/tex/latex/pgf/math/pgfmath.sty
(c:/texlive/2014/texmf-dist/tex/generic/pgf/math/pgfmath.code.tex))
(c:/texlive/2014/texmf-dist/tex/generic/pgf/utilities/pgffor.code.tex
Package: pgffor 2013/12/13 v3.0.0 (rcs-revision 1.25)

(c:/texlive/2014/texmf-dist/tex/generic/pgf/math/pgfmath.code.tex)
\pgffor@iter=\dimen359
\pgffor@skip=\dimen360
\pgffor@stack=\toks59
\pgffor@toks=\toks60
))
(c:/texlive/2014/texmf-dist/tex/generic/pgf/frontendlayer/tikz/tikz.code.tex
Package: tikz 2013/12/13 v3.0.0 (rcs-revision 1.142)

(c:/texlive/2014/texmf-dist/tex/generic/pgf/libraries/pgflibraryplothandlers.co
de.tex
File: pgflibraryplothandlers.code.tex 2013/08/31 v3.0.0 (rcs-revision 1.20)
\pgf@plot@mark@count=\count350
\pgfplotmarksize=\dimen361
)
\tikz@lastx=\dimen362
\tikz@lasty=\dimen363
\tikz@lastxsaved=\dimen364
\tikz@lastysaved=\dimen365
\tikzleveldistance=\dimen366
\tikzsiblingdistance=\dimen367
\tikz@figbox=\box291
\tikz@figbox@bg=\box292
\tikz@tempbox=\box293
\tikz@tempbox@bg=\box294
\tikztreelevel=\count351
\tikznumberofchildren=\count352
\tikznumberofcurrentchild=\count353
\tikz@fig@count=\count354

(c:/texlive/2014/texmf-dist/tex/generic/pgf/modules/pgfmodulematrix.code.tex
File: pgfmodulematrix.code.tex 2013/09/17  (rcs-revision 1.8)
\pgfmatrixcurrentrow=\count355
\pgfmatrixcurrentcolumn=\count356
\pgf@matrix@numberofcolumns=\count357
)
\tikz@expandcount=\count358

(c:/texlive/2014/texmf-dist/tex/generic/pgf/frontendlayer/tikz/libraries/tikzli
brarytopaths.code.tex
File: tikzlibrarytopaths.code.tex 2008/06/17 v3.0.0 (rcs-revision 1.2)
))) (./tikzlibrarycd.code.tex
(c:/texlive/2014/texmf-dist/tex/generic/pgf/frontendlayer/tikz/libraries/tikzli
brarymatrix.code.tex
File: tikzlibrarymatrix.code.tex 2013/07/12 v3.0.0 (rcs-revision 1.4)
)
(c:/texlive/2014/texmf-dist/tex/generic/pgf/frontendlayer/tikz/libraries/tikzli
braryquotes.code.tex
File: tikzlibraryquotes.code.tex 2013/08/28 v3.0.0 (rcs-revision 1.3)
)
(c:/texlive/2014/texmf-dist/tex/generic/pgf/libraries/pgflibraryarrows.meta.cod
e.tex
File: pgflibraryarrows.meta.code.tex 2013/12/13 v3.0.0 (rcs-revision 1.12)
\pgfarrowinset=\dimen368
\pgfarrowlength=\dimen369
\pgfarrowwidth=\dimen370
\pgfarrowlinewidth=\dimen371
)) (./main.aux)
LaTeX Font Info:    Checking defaults for OML/cmm/m/it on input line 31.
LaTeX Font Info:    ... okay on input line 31.
LaTeX Font Info:    Checking defaults for T1/cmr/m/n on input line 31.
LaTeX Font Info:    ... okay on input line 31.
LaTeX Font Info:    Checking defaults for OT1/cmr/m/n on input line 31.
LaTeX Font Info:    ... okay on input line 31.
LaTeX Font Info:    Checking defaults for OMS/cmsy/m/n on input line 31.
LaTeX Font Info:    ... okay on input line 31.
LaTeX Font Info:    Checking defaults for OMX/cmex/m/n on input line 31.
LaTeX Font Info:    ... okay on input line 31.
LaTeX Font Info:    Checking defaults for U/cmr/m/n on input line 31.
LaTeX Font Info:    ... okay on input line 31.
LaTeX Font Info:    Checking defaults for JY3/mc/m/n on input line 31.
LaTeX Font Info:    ... okay on input line 31.
 (I search kanjifont definition file)
ABD: EverySelectfont initializing macros
LaTeX Info: Redefining \selectfont on input line 31.

(c:/texlive/2014/texmf-dist/tex/context/base/supp-pdf.mkii
[Loading MPS to PDF converter (version 2006.09.02).]
\scratchcounter=\count359
\scratchdimen=\dimen372
\scratchbox=\box295
\nofMPsegments=\count360
\nofMParguments=\count361
\everyMPshowfont=\toks61
\MPscratchCnt=\count362
\MPscratchDim=\dimen373
\MPnumerator=\count363
\makeMPintoPDFobject=\count364
\everyMPtoPDFconversion=\toks62
) (c:/texlive/2014/texmf-dist/tex/latex/oberdiek/epstopdf-base.sty
Package: epstopdf-base 2010/02/09 v2.5 Base part for package epstopdf

(c:/texlive/2014/texmf-dist/tex/latex/oberdiek/grfext.sty
Package: grfext 2010/08/19 v1.1 Manage graphics extensions (HO)

(c:/texlive/2014/texmf-dist/tex/generic/oberdiek/kvdefinekeys.sty
Package: kvdefinekeys 2011/04/07 v1.3 Define keys (HO)
))
(c:/texlive/2014/texmf-dist/tex/latex/oberdiek/kvoptions.sty
Package: kvoptions 2011/06/30 v3.11 Key value format for package options (HO)

(c:/texlive/2014/texmf-dist/tex/generic/oberdiek/kvsetkeys.sty
Package: kvsetkeys 2012/04/25 v1.16 Key value parser (HO)

(c:/texlive/2014/texmf-dist/tex/generic/oberdiek/etexcmds.sty
Package: etexcmds 2011/02/16 v1.5 Avoid name clashes with e-TeX commands (HO)
)))
Package grfext Info: Graphics extension search list:
(grfext)             [.png,.pdf,.jpg,.mps,.jpeg,.jbig2,.jb2,.PNG,.PDF,.JPG,.JPEG
,.JBIG2,.JB2,.eps]
(grfext)             \AppendGraphicsExtensions on input line 452.

(c:/texlive/2014/texmf-dist/tex/latex/latexconfig/epstopdf-sys.cfg
File: epstopdf-sys.cfg 2010/07/13 v1.3 Configuration of (r)epstopdf for TeX Live

))
ABD: EveryShipout initializing macros
LaTeX Font Info:    Font shape `JY3/mc/m/n' will be
(Font)              scaled to size 15.98167pt on input line 32.
LaTeX Font Info:    Font shape `JY3/mc/m/n' will be
(Font)              scaled to size 11.09839pt on input line 32.
LaTeX Font Info:    Font shape `JY3/mc/m/n' will be
(Font)              scaled to size 5.5492pt on input line 32.
LaTeX Font Info:    Try loading font information for U+bbold on input line 32.

(c:/texlive/2014/texmf-dist/tex/latex/bbold/ubbold.fd)
LaTeX Font Info:    Try loading font information for U+msa on input line 32.

(c:/texlive/2014/texmf-dist/tex/latex/amsfonts/umsa.fd
File: umsa.fd 2013/01/14 v3.01 AMS symbols A
)
LaTeX Font Info:    Try loading font information for U+msb on input line 32.

(c:/texlive/2014/texmf-dist/tex/latex/amsfonts/umsb.fd
File: umsb.fd 2013/01/14 v3.01 AMS symbols B
)
LaTeX Font Info:    Font shape `JY3/mc/m/n' will be
(Font)              scaled to size 13.31805pt on input line 36.
LaTeX Font Info:    Font shape `JY3/gt/m/n' will be
(Font)              scaled to size 13.31805pt on input line 36.
LaTeX Font Info:    Font shape `JY3/gt/m/n' will be
(Font)              scaled to size 11.09839pt on input line 39.
LaTeX Font Info:    Font shape `JY3/mc/m/n' will be
(Font)              scaled to size 6.47406pt on input line 42.
LaTeX Font Info:    Font shape `JY3/mc/m/n' will be
(Font)              scaled to size 4.62433pt on input line 42.
LaTeX Font Info:    Try loading font information for OMS+cmr on input line 53.

(c:/texlive/2014/texmf-dist/tex/latex/base/omscmr.fd
File: omscmr.fd 1999/05/25 v2.5h Standard LaTeX font definitions
)
LaTeX Font Info:    Font shape `OMS/cmr/m/n' in size <10> not available
(Font)              Font shape `OMS/cmsy/m/n' tried instead on input line 53.
 [1

{c:/texlive/2014/texmf-var/fonts/map/pdftex/updmap/pdftex.map}]
LaTeX Font Info:    Font shape `JY3/gt/m/n' will be
(Font)              scaled to size 9.24866pt on input line 110.
LaTeX Font Info:    Font shape `JY3/mc/bx/n' in size <10> not available
(Font)              Font shape `JY3/gt/m/n' tried instead on input line 160.
LaTeX Font Info:    Font shape `JY3/gt/m/n' will be
(Font)              scaled to size 9.24866pt on input line 160.
 [2] [3] [4] [5]
LaTeX Font Info:    Font shape `JY3/mc/m/n' will be
(Font)              scaled to size 8.32379pt on input line 381.
LaTeX Font Info:    Font shape `JY3/gt/m/n' will be
(Font)              scaled to size 8.32379pt on input line 381.

<images/1427389668710.png, id=46, 969.6225pt x 1129.21875pt>
File: images/1427389668710.png Graphic file (type png)

<use images/1427389668710.png>
Package pdftex.def Info: images/1427389668710.png used on input line 381.
(pdftex.def)             Requested size: 245.08942pt x 285.42271pt.
 [6<./images/1427389668710.png>] [7] [8] [9]
[10] [11] [12] <images/1427567453557.png, id=80, 752.8125pt x 752.8125pt>
File: images/1427567453557.png Graphic file (type png)

<use images/1427567453557.png>
Package pdftex.def Info: images/1427567453557.png used on input line 883.
(pdftex.def)             Requested size: 245.08942pt x 245.08618pt.
 [13<./images/1427567453557.png>]

! LaTeX Error: Bad math environment delimiter.

See the LaTeX manual or LaTeX Companion for explanation.
Type  H <return>  for immediate help.
 ...                                              
                                                  
l.905     よって、$(M_i\cap N)\(
                                  M_{i+1}\cap N)$は単純加群󿿿
Your command was ignored.
Type  I <command> <return>  to replace it with another command,
or  <return>  to continue without it.

[14]
\tf@thm=\write4
 [15] (./main.aux))

Here is how much of LuaTeX's memory you used:
 16622 strings out of 494694
 195319,383344 words of node,token memory allocated
 5009 words of node memory still in use:
   9 hlist, 2 vlist, 4 rule, 3 glue, 32 kern, 1 glyph, 450 attribute, 904 glue_s
pec, 28 attribute_list, 1 write nodes
   avail lists: 1:2,2:65746,3:868,4:2598,5:261,6:1834,7:305,9:749,10:33
 19477 multiletter control sequences out of 65536+600000
 83 fonts using 40511283 bytes
 58i,22n,82p,471b,1161s stack positions out of 5000i,500n,10000p,200000b,100000s
<<c:/texlive/2014/texmf-dist/fonts/type1/public/bbold-type1/bbold10.pfb><<c:/tex
live/2014/texmf-dist/fonts/type1/public/bbold-type1/bbold7.pfb><<c:/texlive/2014
/texmf-dist/fonts/type1/public/amsfonts/cm/cmbx10.pfb><<c:/texlive/2014/texmf-di
st/fonts/type1/public/amsfonts/cm/cmex10.pfb><<c:/texlive/2014/texmf-dist/fonts/
type1/public/amsfonts/cmextra/cmex7.pfb><<c:/texlive/2014/texmf-dist/fonts/type1
/public/amsfonts/cm/cmmi10.pfb><<c:/texlive/2014/texmf-dist/fonts/type1/public/a
msfonts/cm/cmmi5.pfb><<c:/texlive/2014/texmf-dist/fonts/type1/public/amsfonts/cm
/cmmi7.pfb><<c:/texlive/2014/texmf-dist/fonts/type1/public/amsfonts/cm/cmmi8.pfb
><<c:/texlive/2014/texmf-dist/fonts/type1/public/amsfonts/cm/cmr10.pfb><<c:/texl
ive/2014/texmf-dist/fonts/type1/public/amsfonts/cm/cmr12.pfb><<c:/texlive/2014/t
exmf-dist/fonts/type1/public/amsfonts/cm/cmr5.pfb><<c:/texlive/2014/texmf-dist/f
onts/type1/public/amsfonts/cm/cmr6.pfb><<c:/texlive/2014/texmf-dist/fonts/type1/
public/amsfonts/cm/cmr7.pfb><<c:/texlive/2014/texmf-dist/fonts/type1/public/amsf
onts/cm/cmr8.pfb><<c:/texlive/2014/texmf-dist/fonts/type1/public/amsfonts/cm/cmr
9.pfb><<c:/texlive/2014/texmf-dist/fonts/type1/public/amsfonts/cm/cmss10.pfb><<c
:/texlive/2014/texmf-dist/fonts/type1/public/amsfonts/cm/cmss12.pfb><<c:/texlive
/2014/texmf-dist/fonts/type1/public/amsfonts/cm/cmsy10.pfb><<c:/texlive/2014/tex
mf-dist/fonts/type1/public/amsfonts/cm/cmsy5.pfb><<c:/texlive/2014/texmf-dist/fo
nts/type1/public/amsfonts/cm/cmsy7.pfb><<c:/texlive/2014/texmf-dist/fonts/type1/
public/amsfonts/cm/cmtt10.pfb><<c:/texlive/2014/texmf-dist/fonts/type1/public/am
sfonts/cm/cmtt9.pfb><<c:/texlive/2014/texmf-dist/fonts/type1/public/amsfonts/sym
bols/msam10.pfb>
Output written on main.pdf (15 pages, 399375 bytes).

PDF statistics: 211 PDF objects out of 1000 (max. 8388607)
 153 compressed objects within 2 object streams
 0 named destinations out of 1000 (max. 131072)
 16 words of extra memory for PDF output out of 10000 (max. 10000000)

